<?xml version="1.0" encoding="UTF-8"?>
<testsuite xmlns:xsi="http://www.w3.org/2001/XMLSchema-instance" xsi:noNamespaceSchemaLocation="https://maven.apache.org/surefire/maven-surefire-plugin/xsd/surefire-test-report-3.0.xsd" version="3.0" name="org.example.BitFieldTest" time="0.1" tests="20" errors="0" skipped="0" failures="0">
  <properties>
[...]
</properties>
  <testcase name="testSetBoolean" classname="org.example.BitFieldTest" time="0.032"/>
  <testcase name="testGetValue" classname="org.example.BitFieldTest" time="0.001"/>
  <testcase name="testClearShort" classname="org.example.BitFieldTest" time="0.002"/>
  <testcase name="testSet" classname="org.example.BitFieldTest" time="0.001"/>
  <testcase name="testClear" classname="org.example.BitFieldTest" time="0.001"/>
  <testcase name="testIsSet" classname="org.example.BitFieldTest" time="0.003"/>
  <testcase name="testGetShortValue" classname="org.example.BitFieldTest" time="0.001"/>
  <testcase name="testClearByte" classname="org.example.BitFieldTest" time="0.001"/>
  <testcase name="testSetShortBoolean" classname="org.example.BitFieldTest" time="0.001"/>
  <testcase name="testSetShortValue" classname="org.example.BitFieldTest" time="0.001"/>
  <testcase name="testIsAllSet" classname="org.example.BitFieldTest" time="0.001"/>
  <testcase name="testComplexBitPatterns" classname="org.example.BitFieldTest" time="0.0"/>
  <testcase name="testSetByteBoolean" classname="org.example.BitFieldTest" time="0.001"/>
  <testcase name="testEdgeCases" classname="org.example.BitFieldTest" time="0.001"/>
  <testcase name="testSetByte" classname="org.example.BitFieldTest" time="0.001"/>
  <testcase name="testGetShortRawValue" classname="org.example.BitFieldTest" time="0.0"/>
  <testcase name="testGetRawValue" classname="org.example.BitFieldTest" time="0.001"/>
  <testcase name="testConstructor" classname="org.example.BitFieldTest" time="0.003"/>
  <testcase name="testSetShort" classname="org.example.BitFieldTest" time="0.002"/>
  <testcase name="testSetValue" classname="org.example.BitFieldTest" time="0.001"/>
</testsuite>